[pooja@bastion02]~% ssh -Y desy-cms013
Last login: Tue Nov 26 10:07:26 2013 from bastion03.desy.de
[desy-cms013] ~ $ ls
20131007_SAXENA_5LX5OK.pdf  CMSSW_5_3_2			Documents  HToTauTau  Mail     nsmail	 public  README~			      Templates
bin			    C:\nppdf32Log\debuglog.txt	Downloads  KDesktop   Music    Pictures  Public  Reiseantrag_engl_Ausland_171212.pdf  Videos
cms			    Desktop			firefox    mail       ns_imap  private	 README  ssl
[desy-cms013] ~ $ source /afs/desy.de/project/glite/UI/etc/profile.d/emi-ui.sl5.sh
+
+ Initializing 'emi-ui-2.6.1-1_v4.sl5' [SL5.7 x86_64] of '2013-03-08 (test)' (http://grid.desy.de/users/)
+
[desy-cms013] ~ $ source /afs/desy.de/project/glite/UI/etc/profile.d/glite-env.sh
+
+ Initializing 'glite-UI-3.2.11-1.sl5' [SL5.7 x86_64] of '2012-02-15 (default)' (http://grid.desy.de/users/)
+
[desy-cms013] ~ $ 
[desy-cms013] ~ $ 
[desy-cms013] ~ $ 
[desy-cms013] ~ $ cmsrel
zsh: command not found: cmsrel
[desy-cms013] ~ $ scram list cmssw

Listing installed projects....

--------------------------------------------------------------------------------
| Project Name  | Project Version          | Project Location                  |
--------------------------------------------------------------------------------

		>>>> No locally installed cmssw projects! <<<<

[desy-cms013] ~ $ cmsenv 
zsh: command not found: cmsenv
[desy-cms013] ~ $ emacs -nw .profile_extra 
[desy-cms013] ~ $ ini cmssw
Environment set for cms experiment software
Initializing Module cmssw...
[desy-cms013] ~ $ export CVS_RSH=/usr/bin/ssh
[desy-cms013] ~ $ export CVSROOT=:ext:pooja@cmssw.cvs.cern.ch:/local/reps/CMSSW
[desy-cms013] ~ $ /usr/kerberos/bin/kinit -f pooja@CERN.CH
Password for pooja@CERN.CH: 
kinit(v5): Preauthentication failed while getting initial credentials
[desy-cms013] ~ $ 
[desy-cms013] ~ $ source /afs/cern.ch/cms/LCG/LCG-2/UI/cms_ui_env.sh
[desy-cms013] ~ $ cmsenv
SCRAM fatal: Unable to locate the top of local release. Please run this command from a SCRAM-based area.
[desy-cms013] ~ $ source /afs/cern.ch/cms/ccs/wm/scripts/Crab/crab.sh
[desy-cms013] ~ $ 
[desy-cms013] ~ $ maverick_04
zsh: command not found: maverick_04
[desy-cms013] ~ $ scram list cmssw
SCRAM warning: >>>> No SCRAM project cmssw version cmssw available. <<<<
You can run "scram list cmssw" to see the available versions.
[desy-cms013] ~ $ scram list cmssw
SCRAM warning: >>>> No SCRAM project cmssw version cmssw available. <<<<
You can run "scram list cmssw" to see the available versions.
[desy-cms013] ~ $ ls
20131007_SAXENA_5LX5OK.pdf  CMSSW_5_3_2			Documents  HToTauTau  Mail     nsmail	 public  README~			      Templates
bin			    C:\nppdf32Log\debuglog.txt	Downloads  KDesktop   Music    Pictures  Public  Reiseantrag_engl_Ausland_171212.pdf  Videos
cms			    Desktop			firefox    mail       ns_imap  private	 README  ssl
[desy-cms013] ~ $ cd /data/user/psaxena 
[desy-cms013] /data/user/psaxena $ scram list cmssw     
SCRAM warning: >>>> No SCRAM project cmssw version cmssw available. <<<<
You can run "scram list cmssw" to see the available versions.
[desy-cms013] /data/user/psaxena $ cmsenv
SCRAM fatal: Unable to locate the top of local release. Please run this command from a SCRAM-based area.
[desy-cms013] /data/user/psaxena $ cmsrel 
ERROR: Unable to find release area for "CMSSW" version "CMSSW" for arch slc5_amd64_gcc462.
Please make sure you have used the correct name/version.
You can run "scram list CMSSW" to get the list of available versions.
[desy-cms013] /data/user/psaxena $ scram list CMSSW

Listing installed projects available for platform >> slc5_amd64_gcc462 <<

--------------------------------------------------------------------------------
| Project Name  | Project Version          | Project Location                  |
--------------------------------------------------------------------------------

  CMSSW           CMSSW_5_2_3                
                                         --> /afs/naf.desy.de/group/cms/sw/slc5_amd64_gcc462/cms/cmssw/CMSSW_5_2_3
  CMSSW           CMSSW_5_2_3_patch4         
                                         --> /afs/naf.desy.de/group/cms/sw/slc5_amd64_gcc462/cms/cmssw-patch/CMSSW_5_2_3_patch4
  CMSSW           CMSSW_5_2_4                
                                         --> /afs/naf.desy.de/group/cms/sw/slc5_amd64_gcc462/cms/cmssw/CMSSW_5_2_4
  CMSSW           CMSSW_5_2_4_patch4         
                                         --> /afs/naf.desy.de/group/cms/sw/slc5_amd64_gcc462/cms/cmssw-patch/CMSSW_5_2_4_patch4
  CMSSW           CMSSW_5_2_5                
                                         --> /afs/naf.desy.de/group/cms/sw/slc5_amd64_gcc462/cms/cmssw/CMSSW_5_2_5
  CMSSW           CMSSW_5_2_5_patch3         
                                         --> /afs/naf.desy.de/group/cms/sw/slc5_amd64_gcc462/cms/cmssw-patch/CMSSW_5_2_5_patch3
  CMSSW           CMSSW_5_2_5_patch2         
                                         --> /afs/naf.desy.de/group/cms/sw/slc5_amd64_gcc462/cms/cmssw-patch/CMSSW_5_2_5_patch2
  CMSSW           CMSSW_5_3_0                
                                         --> /afs/naf.desy.de/group/cms/sw/slc5_amd64_gcc462/cms/cmssw/CMSSW_5_3_0
  CMSSW           CMSSW_5_2_5_patch1         
                                         --> /afs/naf.desy.de/group/cms/sw/slc5_amd64_gcc462/cms/cmssw-patch/CMSSW_5_2_5_patch1
  CMSSW           CMSSW_5_3_0_patch1         
                                         --> /afs/naf.desy.de/group/cms/sw/slc5_amd64_gcc462/cms/cmssw-patch/CMSSW_5_3_0_patch1
  CMSSW           CMSSW_5_3_1                
                                         --> /afs/naf.desy.de/group/cms/sw/slc5_amd64_gcc462/cms/cmssw/CMSSW_5_3_1
  CMSSW           CMSSW_5_3_2_patch1         
                                         --> /afs/naf.desy.de/group/cms/sw/slc5_amd64_gcc462/cms/cmssw-patch/CMSSW_5_3_2_patch1
  CMSSW           CMSSW_5_3_2                
                                         --> /afs/naf.desy.de/group/cms/sw/slc5_amd64_gcc462/cms/cmssw/CMSSW_5_3_2
  CMSSW           CMSSW_5_3_2_patch2         
                                         --> /afs/naf.desy.de/group/cms/sw/slc5_amd64_gcc462/cms/cmssw-patch/CMSSW_5_3_2_patch2
  CMSSW           CMSSW_5_3_2_patch3         
                                         --> /afs/naf.desy.de/group/cms/sw/slc5_amd64_gcc462/cms/cmssw-patch/CMSSW_5_3_2_patch3
  CMSSW           CMSSW_5_3_2_patch4         
                                         --> /afs/naf.desy.de/group/cms/sw/slc5_amd64_gcc462/cms/cmssw-patch/CMSSW_5_3_2_patch4
  CMSSW           CMSSW_5_3_3_patch1         
                                         --> /afs/naf.desy.de/group/cms/sw/slc5_amd64_gcc462/cms/cmssw-patch/CMSSW_5_3_3_patch1
  CMSSW           CMSSW_5_3_3                
                                         --> /afs/naf.desy.de/group/cms/sw/slc5_amd64_gcc462/cms/cmssw/CMSSW_5_3_3
  CMSSW           CMSSW_5_3_3_patch2         
                                         --> /afs/naf.desy.de/group/cms/sw/slc5_amd64_gcc462/cms/cmssw-patch/CMSSW_5_3_3_patch2
  CMSSW           CMSSW_5_3_3_patch3         
                                         --> /afs/naf.desy.de/group/cms/sw/slc5_amd64_gcc462/cms/cmssw-patch/CMSSW_5_3_3_patch3
  CMSSW           CMSSW_6_0_0                
                                         --> /afs/naf.desy.de/group/cms/sw/slc5_amd64_gcc462/cms/cmssw/CMSSW_6_0_0
  CMSSW           CMSSW_5_2_6                
                                         --> /afs/naf.desy.de/group/cms/sw/slc5_amd64_gcc462/cms/cmssw/CMSSW_5_2_6
  CMSSW           CMSSW_5_2_6_patch1         
                                         --> /afs/naf.desy.de/group/cms/sw/slc5_amd64_gcc462/cms/cmssw-patch/CMSSW_5_2_6_patch1
  CMSSW           CMSSW_5_3_4_cand1          
                                         --> /afs/naf.desy.de/group/cms/sw/slc5_amd64_gcc462/cms/cmssw/CMSSW_5_3_4_cand1
  CMSSW           CMSSW_5_3_4_cand1_TTpatch1  
                                         --> /afs/naf.desy.de/group/cms/sw/slc5_amd64_gcc462/cms/cmssw-patch/CMSSW_5_3_4_cand1_TTpatch1
  CMSSW           CMSSW_5_3_5                
                                         --> /afs/naf.desy.de/group/cms/sw/slc5_amd64_gcc462/cms/cmssw/CMSSW_5_3_5
  CMSSW           CMSSW_5_3_4                
                                         --> /afs/naf.desy.de/group/cms/sw/slc5_amd64_gcc462/cms/cmssw/CMSSW_5_3_4
  CMSSW           CMSSW_5_3_4_patch1         
                                         --> /afs/naf.desy.de/group/cms/sw/slc5_amd64_gcc462/cms/cmssw-patch/CMSSW_5_3_4_patch1
  CMSSW           CMSSW_5_3_4_patch2         
                                         --> /afs/naf.desy.de/group/cms/sw/slc5_amd64_gcc462/cms/cmssw-patch/CMSSW_5_3_4_patch2
  CMSSW           CMSSW_6_0_1                
                                         --> /afs/naf.desy.de/group/cms/sw/slc5_amd64_gcc462/cms/cmssw/CMSSW_6_0_1
  CMSSW           CMSSW_5_3_7                
                                         --> /afs/naf.desy.de/group/cms/sw/slc5_amd64_gcc462/cms/cmssw/CMSSW_5_3_7
  CMSSW           CMSSW_5_3_7_patch1         
                                         --> /afs/naf.desy.de/group/cms/sw/slc5_amd64_gcc462/cms/cmssw-patch/CMSSW_5_3_7_patch1
  CMSSW           CMSSW_5_3_7_patch2         
                                         --> /afs/naf.desy.de/group/cms/sw/slc5_amd64_gcc462/cms/cmssw-patch/CMSSW_5_3_7_patch2
  CMSSW           CMSSW_5_3_7_patch3         
                                         --> /afs/naf.desy.de/group/cms/sw/slc5_amd64_gcc462/cms/cmssw-patch/CMSSW_5_3_7_patch3
  CMSSW           CMSSW_5_3_7_patch4         
                                         --> /afs/naf.desy.de/group/cms/sw/slc5_amd64_gcc462/cms/cmssw-patch/CMSSW_5_3_7_patch4
  CMSSW           CMSSW_5_3_6                
                                         --> /afs/naf.desy.de/group/cms/sw/slc5_amd64_gcc462/cms/cmssw/CMSSW_5_3_6
  CMSSW           CMSSW_5_3_7_patch5         
                                         --> /afs/naf.desy.de/group/cms/sw/slc5_amd64_gcc462/cms/cmssw-patch/CMSSW_5_3_7_patch5
  CMSSW           CMSSW_5_3_8                
                                         --> /afs/naf.desy.de/group/cms/sw/slc5_amd64_gcc462/cms/cmssw/CMSSW_5_3_8
  CMSSW           CMSSW_6_0_0_patch1         
                                         --> /afs/naf.desy.de/group/cms/sw/slc5_amd64_gcc462/cms/cmssw-patch/CMSSW_6_0_0_patch1
  CMSSW           CMSSW_5_3_9                
                                         --> /afs/naf.desy.de/group/cms/sw/slc5_amd64_gcc462/cms/cmssw/CMSSW_5_3_9
  CMSSW           CMSSW_5_3_11               
                                         --> /afs/naf.desy.de/group/cms/sw/slc5_amd64_gcc462/cms/cmssw/CMSSW_5_3_11
  CMSSW           CMSSW_5_3_12               
                                         --> /afs/naf.desy.de/group/cms/sw/slc5_amd64_gcc462/cms/cmssw/CMSSW_5_3_12
  CMSSW           CMSSW_5_3_12_patch2        
                                         --> /afs/naf.desy.de/group/cms/sw/slc5_amd64_gcc462/cms/cmssw-patch/CMSSW_5_3_12_patch2
[desy-cms013] /data/user/psaxena $ cmsrel CMSSW_5_3_9
[desy-cms013] /data/user/psaxena $ cs CMSSW_5_3_9 
zsh: command not found: cs
[desy-cms013] /data/user/psaxena $ l
zsh: command not found: l
[desy-cms013] /data/user/psaxena $ ls
CMSSW_5_3_9
[desy-cms013] /data/user/psaxena $ cd CMSSW_5_3_9 
[desy-cms013] /data/user/psaxena/CMSSW_5_3_9 $ ls
bin  cfipython	config	doc  include  lib  logs  objs  python  src  test  tmp
[desy-cms013] /data/user/psaxena/CMSSW_5_3_9 $ cd src 
[desy-cms013] /data/user/psaxena/CMSSW_5_3_9/src $ ls
[desy-cms013] /data/user/psaxena/CMSSW_5_3_9/src $ 


[desy-cms013] /data/user/psaxena/CMSSW_5_3_9/src $  svn co https://svn.cern.ch/reps/desycmshiggs/HiggsToTauTau/trunk/DesyHTauTau
Authentication realm: <https://svn.cern.ch:443> Subversion at CERN
Password for 'pooja': 

-----------------------------------------------------------------------
ATTENTION!  Your password for authentication realm:

   <https://svn.cern.ch:443> Subversion at CERN

can only be stored to disk unencrypted!  You are advised to configure
your system so that Subversion can store passwords encrypted, if
possible.  See the documentation for details.

You can avoid future appearances of this warning by setting the value
of the 'store-plaintext-passwords' option to either 'yes' or 'no' in
'/afs/desy.de/user/p/pooja/.subversion/servers'.
-----------------------------------------------------------------------
Store password unencrypted (yes/no)? yes

A    DesyHTauTau/TauTauAnalysis/data/uncertainty_configs/noShapeUncs/ee/unc-mssm-8TeV-07.vals
A    DesyHTauTau/TauTauAnalysis/data/uncertainty_configs/noShapeUncs/ee/cgs-mssm-8TeV-00.conf
A    DesyHTauTau/TauTauAnalysis/data/uncertainty_configs/noShapeUncs/ee/cgs-sm-8TeV-00.conf
A    DesyHTauTau/TauTauAnalysis/data/uncertainty_configs/noShapeUncs/ee/cgs-mssm-7TeV-03.conf
A    DesyHTauTau/TauTauAnalysis/data/uncertainty_configs/noShapeUncs/ee/cgs-sm-7TeV-03.conf
A    DesyHTauTau/TauTauAnalysis/data/uncertainty_configs/noShapeUncs/ee/cgs-sm-8TeV-04.conf
A    DesyHTauTau/TauTauAnalysis/data/uncertainty_configs/noShapeUncs/ee/cgs-mssm-7TeV-07.conf
A    DesyHTauTau/TauTauAnalysis/data/uncertainty_configs/noShapeUncs/ee/unc-sm-7TeV-00.conf
A    DesyHTauTau/TauTauAnalysis/data/uncertainty_configs/noShapeUncs/ee/cgs-mssm-8TeV-08.conf
A    DesyHTauTau/TauTauAnalysis/data/uncertainty_configs/noShapeUncs/ee/unc-mssm-7TeV-02.conf
A    DesyHTauTau/TauTauAnalysis/data/uncertainty_configs/noShapeUncs/ee/unc-sm-8TeV-01.conf
A    DesyHTauTau/TauTauAnalysis/data/uncertainty_configs/noShapeUncs/ee/unc-sm-7TeV-04.conf
A    DesyHTauTau/TauTauAnalysis/data/uncertainty_configs/noShapeUncs/ee/unc-mssm-8TeV-03.conf
A    DesyHTauTau/TauTauAnalysis/data/uncertainty_configs/noShapeUncs/ee/unc-mssm-7TeV-06.conf
A    DesyHTauTau/TauTauAnalysis/data/uncertainty_configs/noShapeUncs/ee/unc-mssm-8TeV-07.conf
A    DesyHTauTau/TauTauAnalysis/data/uncertainty_configs/noShapeUncs/ee/unc-mssm-8TeV-00.vals
A    DesyHTauTau/TauTauAnalysis/data/uncertainty_configs/noShapeUncs/ee/unc-sm-7TeV-01.vals
A    DesyHTauTau/TauTauAnalysis/data/uncertainty_configs/noShapeUncs/ee/unc-sm-8TeV-02.vals
A    DesyHTauTau/TauTauAnalysis/data/uncertainty_configs/noShapeUncs/ee/unc-mssm-7TeV-03.vals
A    DesyHTauTau/TauTauAnalysis/data/uncertainty_configs/noShapeUncs/ee/cgs-sm-7TeV-00.conf
A    DesyHTauTau/TauTauAnalysis/data/uncertainty_configs/noShapeUncs/ee/cgs-mssm-7TeV-00.conf
A    DesyHTauTau/TauTauAnalysis/data/uncertainty_configs/noShapeUncs/ee/unc-mssm-7TeV-07.vals
A    DesyHTauTau/TauTauAnalysis/data/uncertainty_configs/noShapeUncs/ee/cgs-sm-8TeV-01.conf
A    DesyHTauTau/TauTauAnalysis/data/uncertainty_configs/noShapeUncs/ee/cgs-mssm-8TeV-01.conf
A    DesyHTauTau/TauTauAnalysis/data/uncertainty_configs/noShapeUncs/ee/unc-mssm-8TeV-08.vals
A    DesyHTauTau/TauTauAnalysis/data/uncertainty_configs/noShapeUncs/ee/cgs-sm-7TeV-04.conf
A    DesyHTauTau/TauTauAnalysis/data/uncertainty_configs/noShapeUncs/ee/cgs-mssm-7TeV-08.conf
A    DesyHTauTau/TauTauAnalysis/data/uncertainty_configs/noShapeUncs/ee/cgs-mssm-8TeV-09.conf
A    DesyHTauTau/TauTauAnalysis/data/uncertainty_configs/noShapeUncs/ee/unc-mssm-8TeV-00.conf
A    DesyHTauTau/TauTauAnalysis/data/uncertainty_configs/noShapeUncs/ee/unc-sm-7TeV-01.conf
A    DesyHTauTau/TauTauAnalysis/data/uncertainty_configs/noShapeUncs/ee/unc-sm-8TeV-02.conf
A    DesyHTauTau/TauTauAnalysis/data/uncertainty_configs/noShapeUncs/ee/unc-mssm-7TeV-03.conf
A    DesyHTauTau/TauTauAnalysis/data/uncertainty_configs/noShapeUncs/ee/unc-mssm-7TeV-07.conf
A    DesyHTauTau/TauTauAnalysis/data/uncertainty_configs/noShapeUncs/ee/unc-mssm-8TeV-08.conf
A    DesyHTauTau/TauTauAnalysis/data/uncertainty_configs/noShapeUncs/ee/unc-mssm-7TeV-00.vals
A    DesyHTauTau/TauTauAnalysis/data/uncertainty_configs/noShapeUncs/ee/unc-mssm-8TeV-01.vals
A    DesyHTauTau/TauTauAnalysis/data/uncertainty_configs/noShapeUncs/ee/unc-sm-7TeV-02.vals
A    DesyHTauTau/TauTauAnalysis/data/uncertainty_configs/noShapeUncs/ee/unc-sm-8TeV-03.vals
A    DesyHTauTau/TauTauAnalysis/data/uncertainty_configs/noShapeUncs/ee/cgs-sm-7TeV-01.conf
A    DesyHTauTau/TauTauAnalysis/data/uncertainty_configs/noShapeUncs/ee/cgs-mssm-7TeV-01.conf
A    DesyHTauTau/TauTauAnalysis/data/uncertainty_configs/noShapeUncs/ee/unc-mssm-7TeV-08.vals
A    DesyHTauTau/TauTauAnalysis/data/uncertainty_configs/noShapeUncs/ee/cgs-sm-8TeV-02.conf
A    DesyHTauTau/TauTauAnalysis/data/uncertainty_configs/noShapeUncs/ee/cgs-mssm-8TeV-02.conf
A    DesyHTauTau/TauTauAnalysis/data/uncertainty_configs/noShapeUncs/ee/unc-mssm-8TeV-09.vals
A    DesyHTauTau/TauTauAnalysis/data/uncertainty_configs/noShapeUncs/ee/cgs-mssm-8TeV-06.conf
A    DesyHTauTau/TauTauAnalysis/data/uncertainty_configs/noShapeUncs/ee/cgs-mssm-7TeV-09.conf
A    DesyHTauTau/TauTauAnalysis/data/uncertainty_configs/noShapeUncs/ee/unc-mssm-7TeV-00.conf
A    DesyHTauTau/TauTauAnalysis/data/uncertainty_configs/noShapeUncs/ee/unc-sm-7TeV-02.conf
A    DesyHTauTau/TauTauAnalysis/data/uncertainty_configs/noShapeUncs/ee/unc-mssm-8TeV-01.conf
A    DesyHTauTau/TauTauAnalysis/data/uncertainty_configs/noShapeUncs/ee/unc-sm-8TeV-03.conf
A    DesyHTauTau/TauTauAnalysis/data/uncertainty_configs/noShapeUncs/ee/unc-mssm-7TeV-08.conf
A    DesyHTauTau/TauTauAnalysis/data/uncertainty_configs/noShapeUncs/ee/unc-mssm-8TeV-09.conf
A    DesyHTauTau/TauTauAnalysis/data/uncertainty_configs/noShapeUncs/ee/unc-mssm-7TeV-01.vals
A    DesyHTauTau/TauTauAnalysis/data/uncertainty_configs/noShapeUncs/ee/unc-sm-8TeV-00.vals
A    DesyHTauTau/TauTauAnalysis/data/uncertainty_configs/noShapeUncs/ee/unc-mssm-8TeV-02.vals
A    DesyHTauTau/TauTauAnalysis/data/uncertainty_configs/noShapeUncs/ee/unc-sm-7TeV-03.vals
A    DesyHTauTau/TauTauAnalysis/data/uncertainty_configs/noShapeUncs/ee/unc-sm-8TeV-04.vals
A    DesyHTauTau/TauTauAnalysis/data/uncertainty_configs/noShapeUncs/ee/unc-mssm-8TeV-06.vals
A    DesyHTauTau/TauTauAnalysis/data/uncertainty_configs/noShapeUncs/mm
A    DesyHTauTau/TauTauAnalysis/data/uncertainty_configs/noShapeUncs/mm/cgs-sm-7TeV-02.conf
A    DesyHTauTau/TauTauAnalysis/data/uncertainty_configs/noShapeUncs/mm/cgs-mssm-7TeV-02.conf
A    DesyHTauTau/TauTauAnalysis/data/uncertainty_configs/noShapeUncs/mm/unc-mssm-7TeV-09.vals
A    DesyHTauTau/TauTauAnalysis/data/uncertainty_configs/noShapeUncs/mm/cgs-sm-8TeV-03.conf
A    DesyHTauTau/TauTauAnalysis/data/uncertainty_configs/noShapeUncs/mm/cgs-mssm-8TeV-03.conf
A    DesyHTauTau/TauTauAnalysis/data/uncertainty_configs/noShapeUncs/mm/cgs-mssm-7TeV-06.conf
A    DesyHTauTau/TauTauAnalysis/data/uncertainty_configs/noShapeUncs/mm/cgs-mssm-8TeV-07.conf
A    DesyHTauTau/TauTauAnalysis/data/uncertainty_configs/noShapeUncs/mm/unc-sm-8TeV-00.conf
A    DesyHTauTau/TauTauAnalysis/data/uncertainty_configs/noShapeUncs/mm/unc-mssm-7TeV-01.conf
A    DesyHTauTau/TauTauAnalysis/data/uncertainty_configs/noShapeUncs/mm/unc-sm-7TeV-03.conf
A    DesyHTauTau/TauTauAnalysis/data/uncertainty_configs/noShapeUncs/mm/unc-mssm-8TeV-02.conf
A    DesyHTauTau/TauTauAnalysis/data/uncertainty_configs/noShapeUncs/mm/unc-sm-8TeV-04.conf
A    DesyHTauTau/TauTauAnalysis/data/uncertainty_configs/noShapeUncs/mm/unc-mssm-8TeV-06.conf
A    DesyHTauTau/TauTauAnalysis/data/uncertainty_configs/noShapeUncs/mm/unc-mssm-7TeV-09.conf
A    DesyHTauTau/TauTauAnalysis/data/uncertainty_configs/noShapeUncs/mm/unc-sm-7TeV-00.vals
A    DesyHTauTau/TauTauAnalysis/data/uncertainty_configs/noShapeUncs/mm/unc-mssm-7TeV-02.vals
A    DesyHTauTau/TauTauAnalysis/data/uncertainty_configs/noShapeUncs/mm/unc-sm-8TeV-01.vals
A    DesyHTauTau/TauTauAnalysis/data/uncertainty_configs/noShapeUncs/mm/unc-mssm-8TeV-03.vals
A    DesyHTauTau/TauTauAnalysis/data/uncertainty_configs/noShapeUncs/mm/unc-sm-7TeV-04.vals
A    DesyHTauTau/TauTauAnalysis/data/uncertainty_configs/noShapeUncs/mm/unc-mssm-7TeV-06.vals
A    DesyHTauTau/TauTauAnalysis/data/uncertainty_configs/noShapeUncs/mm/unc-mssm-8TeV-07.vals
A    DesyHTauTau/TauTauAnalysis/data/uncertainty_configs/noShapeUncs/mm/cgs-mssm-8TeV-00.conf
A    DesyHTauTau/TauTauAnalysis/data/uncertainty_configs/noShapeUncs/mm/cgs-sm-8TeV-00.conf
A    DesyHTauTau/TauTauAnalysis/data/uncertainty_configs/noShapeUncs/mm/cgs-mssm-7TeV-03.conf
A    DesyHTauTau/TauTauAnalysis/data/uncertainty_configs/noShapeUncs/mm/cgs-sm-7TeV-03.conf
A    DesyHTauTau/TauTauAnalysis/data/uncertainty_configs/noShapeUncs/mm/cgs-sm-8TeV-04.conf
A    DesyHTauTau/TauTauAnalysis/data/uncertainty_configs/noShapeUncs/mm/cgs-mssm-7TeV-07.conf
A    DesyHTauTau/TauTauAnalysis/data/uncertainty_configs/noShapeUncs/mm/unc-sm-7TeV-00.conf
A    DesyHTauTau/TauTauAnalysis/data/uncertainty_configs/noShapeUncs/mm/cgs-mssm-8TeV-08.conf
A    DesyHTauTau/TauTauAnalysis/data/uncertainty_configs/noShapeUncs/mm/unc-mssm-7TeV-02.conf
A    DesyHTauTau/TauTauAnalysis/data/uncertainty_configs/noShapeUncs/mm/unc-sm-8TeV-01.conf
A    DesyHTauTau/TauTauAnalysis/data/uncertainty_configs/noShapeUncs/mm/unc-sm-7TeV-04.conf
A    DesyHTauTau/TauTauAnalysis/data/uncertainty_configs/noShapeUncs/mm/unc-mssm-8TeV-03.conf
A    DesyHTauTau/TauTauAnalysis/data/uncertainty_configs/noShapeUncs/mm/unc-mssm-7TeV-06.conf
A    DesyHTauTau/TauTauAnalysis/data/uncertainty_configs/noShapeUncs/mm/unc-mssm-8TeV-07.conf
A    DesyHTauTau/TauTauAnalysis/data/uncertainty_configs/noShapeUncs/mm/unc-mssm-8TeV-00.vals
A    DesyHTauTau/TauTauAnalysis/data/uncertainty_configs/noShapeUncs/mm/unc-sm-7TeV-01.vals
A    DesyHTauTau/TauTauAnalysis/data/uncertainty_configs/noShapeUncs/mm/unc-sm-8TeV-02.vals
A    DesyHTauTau/TauTauAnalysis/data/uncertainty_configs/noShapeUncs/mm/unc-mssm-7TeV-03.vals
A    DesyHTauTau/TauTauAnalysis/data/uncertainty_configs/noShapeUncs/mm/cgs-sm-7TeV-00.conf
A    DesyHTauTau/TauTauAnalysis/data/uncertainty_configs/noShapeUncs/mm/cgs-mssm-7TeV-00.conf
A    DesyHTauTau/TauTauAnalysis/data/uncertainty_configs/noShapeUncs/mm/unc-mssm-7TeV-07.vals
A    DesyHTauTau/TauTauAnalysis/data/uncertainty_configs/noShapeUncs/mm/cgs-sm-8TeV-01.conf
A    DesyHTauTau/TauTauAnalysis/data/uncertainty_configs/noShapeUncs/mm/cgs-mssm-8TeV-01.conf
A    DesyHTauTau/TauTauAnalysis/data/uncertainty_configs/noShapeUncs/mm/unc-mssm-8TeV-08.vals
A    DesyHTauTau/TauTauAnalysis/data/uncertainty_configs/noShapeUncs/mm/cgs-sm-7TeV-04.conf
A    DesyHTauTau/TauTauAnalysis/data/uncertainty_configs/noShapeUncs/mm/cgs-mssm-7TeV-08.conf
A    DesyHTauTau/TauTauAnalysis/data/uncertainty_configs/noShapeUncs/mm/cgs-mssm-8TeV-09.conf
A    DesyHTauTau/TauTauAnalysis/data/uncertainty_configs/noShapeUncs/mm/unc-mssm-8TeV-00.conf
A    DesyHTauTau/TauTauAnalysis/data/uncertainty_configs/noShapeUncs/mm/unc-sm-7TeV-01.conf
A    DesyHTauTau/TauTauAnalysis/data/uncertainty_configs/noShapeUncs/mm/unc-sm-8TeV-02.conf
A    DesyHTauTau/TauTauAnalysis/data/uncertainty_configs/noShapeUncs/mm/unc-mssm-7TeV-03.conf
A    DesyHTauTau/TauTauAnalysis/data/uncertainty_configs/noShapeUncs/mm/unc-mssm-7TeV-07.conf
A    DesyHTauTau/TauTauAnalysis/data/uncertainty_configs/noShapeUncs/mm/unc-mssm-8TeV-08.conf
A    DesyHTauTau/TauTauAnalysis/data/uncertainty_configs/noShapeUncs/mm/unc-mssm-7TeV-00.vals
A    DesyHTauTau/TauTauAnalysis/data/uncertainty_configs/noShapeUncs/mm/unc-mssm-8TeV-01.vals
A    DesyHTauTau/TauTauAnalysis/data/uncertainty_configs/noShapeUncs/mm/unc-sm-7TeV-02.vals
A    DesyHTauTau/TauTauAnalysis/data/uncertainty_configs/noShapeUncs/mm/unc-sm-8TeV-03.vals
A    DesyHTauTau/TauTauAnalysis/data/uncertainty_configs/noShapeUncs/mm/cgs-sm-7TeV-01.conf
A    DesyHTauTau/TauTauAnalysis/data/uncertainty_configs/noShapeUncs/mm/cgs-mssm-7TeV-01.conf
A    DesyHTauTau/TauTauAnalysis/data/uncertainty_configs/noShapeUncs/mm/unc-mssm-7TeV-08.vals
A    DesyHTauTau/TauTauAnalysis/data/uncertainty_configs/noShapeUncs/mm/cgs-sm-8TeV-02.conf
A    DesyHTauTau/TauTauAnalysis/data/uncertainty_configs/noShapeUncs/mm/cgs-mssm-8TeV-02.conf
A    DesyHTauTau/TauTauAnalysis/data/uncertainty_configs/noShapeUncs/mm/unc-mssm-8TeV-09.vals
A    DesyHTauTau/TauTauAnalysis/data/uncertainty_configs/noShapeUncs/mm/cgs-mssm-8TeV-06.conf
A    DesyHTauTau/TauTauAnalysis/data/uncertainty_configs/noShapeUncs/mm/cgs-mssm-7TeV-09.conf
A    DesyHTauTau/TauTauAnalysis/data/uncertainty_configs/noShapeUncs/mm/unc-mssm-7TeV-00.conf
A    DesyHTauTau/TauTauAnalysis/data/uncertainty_configs/noShapeUncs/mm/unc-sm-7TeV-02.conf
A    DesyHTauTau/TauTauAnalysis/data/uncertainty_configs/noShapeUncs/mm/unc-mssm-8TeV-01.conf
A    DesyHTauTau/TauTauAnalysis/data/uncertainty_configs/noShapeUncs/mm/unc-sm-8TeV-03.conf
A    DesyHTauTau/TauTauAnalysis/data/uncertainty_configs/noShapeUncs/mm/unc-mssm-7TeV-08.conf
A    DesyHTauTau/TauTauAnalysis/data/uncertainty_configs/noShapeUncs/mm/unc-mssm-8TeV-09.conf
A    DesyHTauTau/TauTauAnalysis/data/uncertainty_configs/noShapeUncs/mm/unc-mssm-7TeV-01.vals
A    DesyHTauTau/TauTauAnalysis/data/uncertainty_configs/noShapeUncs/mm/unc-sm-8TeV-00.vals
A    DesyHTauTau/TauTauAnalysis/data/uncertainty_configs/noShapeUncs/mm/unc-mssm-8TeV-02.vals
A    DesyHTauTau/TauTauAnalysis/data/uncertainty_configs/noShapeUncs/mm/unc-sm-7TeV-03.vals
A    DesyHTauTau/TauTauAnalysis/data/uncertainty_configs/noShapeUncs/mm/unc-sm-8TeV-04.vals
A    DesyHTauTau/TauTauAnalysis/data/uncertainty_configs/noShapeUncs/mm/unc-mssm-8TeV-06.vals
A    DesyHTauTau/TauTauAnalysis/data/uncertainty_configs/ee
A    DesyHTauTau/TauTauAnalysis/data/uncertainty_configs/mm
A    DesyHTauTau/TauTauAnalysis/data/uncertainty_configs/official_53x
A    DesyHTauTau/TauTauAnalysis/data/uncertainty_configs/official_53x/ee
A    DesyHTauTau/TauTauAnalysis/data/uncertainty_configs/official_53x/mm
A    DesyHTauTau/TauTauAnalysis/data/uncertainty_configs/uncHWW
A    DesyHTauTau/TauTauAnalysis/data/uncertainty_configs/uncHWW/ee
A    DesyHTauTau/TauTauAnalysis/data/uncertainty_configs/uncHWW/ee/cgs-sm-7TeV-02.conf
A    DesyHTauTau/TauTauAnalysis/data/uncertainty_configs/uncHWW/ee/cgs-sm-8TeV-01.conf
A    DesyHTauTau/TauTauAnalysis/data/uncertainty_configs/uncHWW/ee/cgs-sm-7TeV-03.conf
A    DesyHTauTau/TauTauAnalysis/data/uncertainty_configs/uncHWW/ee/cgs-sm-8TeV-02.conf
A    DesyHTauTau/TauTauAnalysis/data/uncertainty_configs/uncHWW/ee/cgs-sm-7TeV-04.conf
A    DesyHTauTau/TauTauAnalysis/data/uncertainty_configs/uncHWW/ee/cgs-sm-8TeV-03.conf
A    DesyHTauTau/TauTauAnalysis/data/uncertainty_configs/uncHWW/ee/cgs-sm-8TeV-04.conf
A    DesyHTauTau/TauTauAnalysis/data/uncertainty_configs/uncHWW/ee/unc-sm-7TeV-00.conf
A    DesyHTauTau/TauTauAnalysis/data/uncertainty_configs/uncHWW/ee/unc-sm-8TeV-00.conf
A    DesyHTauTau/TauTauAnalysis/data/uncertainty_configs/uncHWW/ee/unc-sm-7TeV-01.conf
A    DesyHTauTau/TauTauAnalysis/data/uncertainty_configs/uncHWW/ee/unc-sm-8TeV-01.conf
A    DesyHTauTau/TauTauAnalysis/data/uncertainty_configs/uncHWW/ee/unc-sm-7TeV-02.conf
A    DesyHTauTau/TauTauAnalysis/data/uncertainty_configs/uncHWW/ee/unc-sm-8TeV-02.conf
A    DesyHTauTau/TauTauAnalysis/data/uncertainty_configs/uncHWW/ee/unc-sm-7TeV-03.conf
A    DesyHTauTau/TauTauAnalysis/data/uncertainty_configs/uncHWW/ee/unc-sm-8TeV-03.conf
A    DesyHTauTau/TauTauAnalysis/data/uncertainty_configs/uncHWW/ee/unc-sm-7TeV-04.conf
A    DesyHTauTau/TauTauAnalysis/data/uncertainty_configs/uncHWW/ee/unc-sm-8TeV-04.conf
A    DesyHTauTau/TauTauAnalysis/data/uncertainty_configs/uncHWW/ee/unc-sm-7TeV-00.vals
A    DesyHTauTau/TauTauAnalysis/data/uncertainty_configs/uncHWW/ee/unc-sm-7TeV-01.vals
A    DesyHTauTau/TauTauAnalysis/data/uncertainty_configs/uncHWW/ee/unc-sm-8TeV-00.vals
A    DesyHTauTau/TauTauAnalysis/data/uncertainty_configs/uncHWW/ee/unc-sm-7TeV-02.vals
A    DesyHTauTau/TauTauAnalysis/data/uncertainty_configs/uncHWW/ee/unc-sm-8TeV-01.vals
A    DesyHTauTau/TauTauAnalysis/data/uncertainty_configs/uncHWW/ee/unc-sm-7TeV-03.vals
A    DesyHTauTau/TauTauAnalysis/data/uncertainty_configs/uncHWW/ee/unc-sm-8TeV-02.vals
A    DesyHTauTau/TauTauAnalysis/data/uncertainty_configs/uncHWW/ee/unc-sm-7TeV-04.vals
A    DesyHTauTau/TauTauAnalysis/data/uncertainty_configs/uncHWW/ee/unc-sm-8TeV-03.vals
A    DesyHTauTau/TauTauAnalysis/data/uncertainty_configs/uncHWW/ee/unc-sm-8TeV-04.vals
A    DesyHTauTau/TauTauAnalysis/data/uncertainty_configs/uncHWW/ee/cgs-sm-7TeV-00.conf
A    DesyHTauTau/TauTauAnalysis/data/uncertainty_configs/uncHWW/ee/cgs-sm-8TeV-00.conf
A    DesyHTauTau/TauTauAnalysis/data/uncertainty_configs/uncHWW/ee/cgs-sm-7TeV-01.conf
A    DesyHTauTau/TauTauAnalysis/data/uncertainty_configs/uncHWW/mm
A    DesyHTauTau/TauTauAnalysis/data/uncertainty_configs/uncHWW/mm/cgs-sm-7TeV-02.conf
A    DesyHTauTau/TauTauAnalysis/data/uncertainty_configs/uncHWW/mm/cgs-sm-8TeV-01.conf
A    DesyHTauTau/TauTauAnalysis/data/uncertainty_configs/uncHWW/mm/cgs-sm-7TeV-03.conf
A    DesyHTauTau/TauTauAnalysis/data/uncertainty_configs/uncHWW/mm/cgs-sm-8TeV-02.conf
A    DesyHTauTau/TauTauAnalysis/data/uncertainty_configs/uncHWW/mm/cgs-sm-7TeV-04.conf
A    DesyHTauTau/TauTauAnalysis/data/uncertainty_configs/uncHWW/mm/cgs-sm-8TeV-03.conf
A    DesyHTauTau/TauTauAnalysis/data/uncertainty_configs/uncHWW/mm/cgs-sm-8TeV-04.conf
A    DesyHTauTau/TauTauAnalysis/data/uncertainty_configs/uncHWW/mm/unc-sm-7TeV-00.conf
A    DesyHTauTau/TauTauAnalysis/data/uncertainty_configs/uncHWW/mm/unc-sm-8TeV-00.conf
A    DesyHTauTau/TauTauAnalysis/data/uncertainty_configs/uncHWW/mm/unc-sm-7TeV-01.conf
A    DesyHTauTau/TauTauAnalysis/data/uncertainty_configs/uncHWW/mm/unc-sm-8TeV-01.conf
A    DesyHTauTau/TauTauAnalysis/data/uncertainty_configs/uncHWW/mm/unc-sm-7TeV-02.conf
A    DesyHTauTau/TauTauAnalysis/data/uncertainty_configs/uncHWW/mm/unc-sm-8TeV-02.conf
A    DesyHTauTau/TauTauAnalysis/data/uncertainty_configs/uncHWW/mm/unc-sm-7TeV-03.conf
A    DesyHTauTau/TauTauAnalysis/data/uncertainty_configs/uncHWW/mm/unc-sm-8TeV-03.conf
A    DesyHTauTau/TauTauAnalysis/data/uncertainty_configs/uncHWW/mm/unc-sm-7TeV-04.conf
A    DesyHTauTau/TauTauAnalysis/data/uncertainty_configs/uncHWW/mm/unc-sm-8TeV-04.conf
A    DesyHTauTau/TauTauAnalysis/data/uncertainty_configs/uncHWW/mm/unc-sm-7TeV-00.vals
A    DesyHTauTau/TauTauAnalysis/data/uncertainty_configs/uncHWW/mm/unc-sm-7TeV-01.vals
A    DesyHTauTau/TauTauAnalysis/data/uncertainty_configs/uncHWW/mm/unc-sm-8TeV-00.vals
A    DesyHTauTau/TauTauAnalysis/data/uncertainty_configs/uncHWW/mm/unc-sm-7TeV-02.vals
A    DesyHTauTau/TauTauAnalysis/data/uncertainty_configs/uncHWW/mm/unc-sm-8TeV-01.vals
A    DesyHTauTau/TauTauAnalysis/data/uncertainty_configs/uncHWW/mm/unc-sm-7TeV-03.vals
A    DesyHTauTau/TauTauAnalysis/data/uncertainty_configs/uncHWW/mm/unc-sm-8TeV-02.vals
A    DesyHTauTau/TauTauAnalysis/data/uncertainty_configs/uncHWW/mm/unc-sm-7TeV-04.vals
A    DesyHTauTau/TauTauAnalysis/data/uncertainty_configs/uncHWW/mm/unc-sm-8TeV-03.vals
A    DesyHTauTau/TauTauAnalysis/data/uncertainty_configs/uncHWW/mm/unc-sm-8TeV-04.vals
A    DesyHTauTau/TauTauAnalysis/data/uncertainty_configs/uncHWW/mm/cgs-sm-7TeV-00.conf
A    DesyHTauTau/TauTauAnalysis/data/uncertainty_configs/uncHWW/mm/cgs-sm-8TeV-00.conf
A    DesyHTauTau/TauTauAnalysis/data/uncertainty_configs/uncHWW/mm/cgs-sm-7TeV-01.conf
A    DesyHTauTau/TauTauAnalysis/data/uncertainty_configs/official
A    DesyHTauTau/TauTauAnalysis/data/uncertainty_configs/official/ee
A    DesyHTauTau/TauTauAnalysis/data/uncertainty_configs/official/ee/cgs-sm-7TeV-02.conf
A    DesyHTauTau/TauTauAnalysis/data/uncertainty_configs/official/ee/cgs-mssm-7TeV-02.conf
A    DesyHTauTau/TauTauAnalysis/data/uncertainty_configs/official/ee/unc-mssm-7TeV-09.vals
A    DesyHTauTau/TauTauAnalysis/data/uncertainty_configs/official/ee/cgs-sm-8TeV-03.conf
A    DesyHTauTau/TauTauAnalysis/data/uncertainty_configs/official/ee/cgs-mssm-8TeV-03.conf
A    DesyHTauTau/TauTauAnalysis/data/uncertainty_configs/official/ee/cgs-mssm-7TeV-06.conf
A    DesyHTauTau/TauTauAnalysis/data/uncertainty_configs/official/ee/cgs-mssm-8TeV-07.conf
A    DesyHTauTau/TauTauAnalysis/data/uncertainty_configs/official/ee/unc-sm-8TeV-00.conf
A    DesyHTauTau/TauTauAnalysis/data/uncertainty_configs/official/ee/unc-mssm-7TeV-01.conf
A    DesyHTauTau/TauTauAnalysis/data/uncertainty_configs/official/ee/unc-sm-7TeV-03.conf
A    DesyHTauTau/TauTauAnalysis/data/uncertainty_configs/official/ee/unc-mssm-8TeV-02.conf
A    DesyHTauTau/TauTauAnalysis/data/uncertainty_configs/official/ee/unc-sm-8TeV-04.conf
A    DesyHTauTau/TauTauAnalysis/data/uncertainty_configs/official/ee/unc-mssm-8TeV-06.conf
A    DesyHTauTau/TauTauAnalysis/data/uncertainty_configs/official/ee/unc-mssm-7TeV-09.conf
A    DesyHTauTau/TauTauAnalysis/data/uncertainty_configs/official/ee/unc-sm-7TeV-00.vals
A    DesyHTauTau/TauTauAnalysis/data/uncertainty_configs/official/ee/unc-mssm-7TeV-02.vals
A    DesyHTauTau/TauTauAnalysis/data/uncertainty_configs/official/ee/unc-sm-8TeV-01.vals
A    DesyHTauTau/TauTauAnalysis/data/uncertainty_configs/official/ee/unc-mssm-8TeV-03.vals
A    DesyHTauTau/TauTauAnalysis/data/uncertainty_configs/official/ee/unc-sm-7TeV-04.vals
A    DesyHTauTau/TauTauAnalysis/data/uncertainty_configs/official/ee/unc-mssm-7TeV-06.vals
A    DesyHTauTau/TauTauAnalysis/data/uncertainty_configs/official/ee/unc-mssm-8TeV-07.vals
A    DesyHTauTau/TauTauAnalysis/data/uncertainty_configs/official/ee/cgs-mssm-8TeV-00.conf
A    DesyHTauTau/TauTauAnalysis/data/uncertainty_configs/official/ee/cgs-sm-8TeV-00.conf
A    DesyHTauTau/TauTauAnalysis/data/uncertainty_configs/official/ee/cgs-mssm-7TeV-03.conf
A    DesyHTauTau/TauTauAnalysis/data/uncertainty_configs/official/ee/cgs-sm-7TeV-03.conf
A    DesyHTauTau/TauTauAnalysis/data/uncertainty_configs/official/ee/cgs-sm-8TeV-04.conf
A    DesyHTauTau/TauTauAnalysis/data/uncertainty_configs/official/ee/cgs-mssm-7TeV-07.conf
A    DesyHTauTau/TauTauAnalysis/data/uncertainty_configs/official/ee/unc-sm-7TeV-00.conf
A    DesyHTauTau/TauTauAnalysis/data/uncertainty_configs/official/ee/cgs-mssm-8TeV-08.conf
A    DesyHTauTau/TauTauAnalysis/data/uncertainty_configs/official/ee/unc-mssm-7TeV-02.conf
A    DesyHTauTau/TauTauAnalysis/data/uncertainty_configs/official/ee/unc-sm-8TeV-01.conf
A    DesyHTauTau/TauTauAnalysis/data/uncertainty_configs/official/ee/unc-sm-7TeV-04.conf
A    DesyHTauTau/TauTauAnalysis/data/uncertainty_configs/official/ee/unc-mssm-8TeV-03.conf
A    DesyHTauTau/TauTauAnalysis/data/uncertainty_configs/official/ee/unc-mssm-7TeV-06.conf
A    DesyHTauTau/TauTauAnalysis/data/uncertainty_configs/official/ee/unc-mssm-8TeV-07.conf
A    DesyHTauTau/TauTauAnalysis/data/uncertainty_configs/official/ee/unc-mssm-8TeV-00.vals
A    DesyHTauTau/TauTauAnalysis/data/uncertainty_configs/official/ee/unc-sm-7TeV-01.vals
A    DesyHTauTau/TauTauAnalysis/data/uncertainty_configs/official/ee/unc-sm-8TeV-02.vals
A    DesyHTauTau/TauTauAnalysis/data/uncertainty_configs/official/ee/unc-mssm-7TeV-03.vals
A    DesyHTauTau/TauTauAnalysis/data/uncertainty_configs/official/ee/cgs-sm-7TeV-00.conf
A    DesyHTauTau/TauTauAnalysis/data/uncertainty_configs/official/ee/cgs-mssm-7TeV-00.conf
A    DesyHTauTau/TauTauAnalysis/data/uncertainty_configs/official/ee/unc-mssm-7TeV-07.vals
A    DesyHTauTau/TauTauAnalysis/data/uncertainty_configs/official/ee/cgs-sm-8TeV-01.conf
A    DesyHTauTau/TauTauAnalysis/data/uncertainty_configs/official/ee/cgs-mssm-8TeV-01.conf
A    DesyHTauTau/TauTauAnalysis/data/uncertainty_configs/official/ee/unc-mssm-8TeV-08.vals
A    DesyHTauTau/TauTauAnalysis/data/uncertainty_configs/official/ee/cgs-sm-7TeV-04.conf
A    DesyHTauTau/TauTauAnalysis/data/uncertainty_configs/official/ee/cgs-mssm-7TeV-08.conf
A    DesyHTauTau/TauTauAnalysis/data/uncertainty_configs/official/ee/cgs-mssm-8TeV-09.conf
A    DesyHTauTau/TauTauAnalysis/data/uncertainty_configs/official/ee/unc-mssm-8TeV-00.conf
A    DesyHTauTau/TauTauAnalysis/data/uncertainty_configs/official/ee/unc-sm-7TeV-01.conf
A    DesyHTauTau/TauTauAnalysis/data/uncertainty_configs/official/ee/unc-sm-8TeV-02.conf
A    DesyHTauTau/TauTauAnalysis/data/uncertainty_configs/official/ee/unc-mssm-7TeV-03.conf
A    DesyHTauTau/TauTauAnalysis/data/uncertainty_configs/official/ee/unc-mssm-7TeV-07.conf
A    DesyHTauTau/TauTauAnalysis/data/uncertainty_configs/official/ee/unc-mssm-8TeV-08.conf
A    DesyHTauTau/TauTauAnalysis/data/uncertainty_configs/official/ee/unc-mssm-7TeV-00.vals
A    DesyHTauTau/TauTauAnalysis/data/uncertainty_configs/official/ee/unc-mssm-8TeV-01.vals
A    DesyHTauTau/TauTauAnalysis/data/uncertainty_configs/official/ee/unc-sm-7TeV-02.vals
A    DesyHTauTau/TauTauAnalysis/data/uncertainty_configs/official/ee/unc-sm-8TeV-03.vals
A    DesyHTauTau/TauTauAnalysis/data/uncertainty_configs/official/ee/cgs-sm-7TeV-01.conf
A    DesyHTauTau/TauTauAnalysis/data/uncertainty_configs/official/ee/cgs-mssm-7TeV-01.conf
A    DesyHTauTau/TauTauAnalysis/data/uncertainty_configs/official/ee/unc-mssm-7TeV-08.vals
A    DesyHTauTau/TauTauAnalysis/data/uncertainty_configs/official/ee/cgs-sm-8TeV-02.conf
A    DesyHTauTau/TauTauAnalysis/data/uncertainty_configs/official/ee/cgs-mssm-8TeV-02.conf
A    DesyHTauTau/TauTauAnalysis/data/uncertainty_configs/official/ee/unc-mssm-8TeV-09.vals
A    DesyHTauTau/TauTauAnalysis/data/uncertainty_configs/official/ee/cgs-mssm-8TeV-06.conf
A    DesyHTauTau/TauTauAnalysis/data/uncertainty_configs/official/ee/cgs-mssm-7TeV-09.conf
A    DesyHTauTau/TauTauAnalysis/data/uncertainty_configs/official/ee/unc-mssm-7TeV-00.conf
A    DesyHTauTau/TauTauAnalysis/data/uncertainty_configs/official/ee/unc-sm-7TeV-02.conf
A    DesyHTauTau/TauTauAnalysis/data/uncertainty_configs/official/ee/unc-mssm-8TeV-01.conf
A    DesyHTauTau/TauTauAnalysis/data/uncertainty_configs/official/ee/unc-sm-8TeV-03.conf
A    DesyHTauTau/TauTauAnalysis/data/uncertainty_configs/official/ee/unc-mssm-7TeV-08.conf
A    DesyHTauTau/TauTauAnalysis/data/uncertainty_configs/official/ee/unc-mssm-8TeV-09.conf
A    DesyHTauTau/TauTauAnalysis/data/uncertainty_configs/official/ee/unc-mssm-7TeV-01.vals
A    DesyHTauTau/TauTauAnalysis/data/uncertainty_configs/official/ee/unc-sm-8TeV-00.vals
A    DesyHTauTau/TauTauAnalysis/data/uncertainty_configs/official/ee/unc-mssm-8TeV-02.vals
A    DesyHTauTau/TauTauAnalysis/data/uncertainty_configs/official/ee/unc-sm-7TeV-03.vals
A    DesyHTauTau/TauTauAnalysis/data/uncertainty_configs/official/ee/unc-sm-8TeV-04.vals
A    DesyHTauTau/TauTauAnalysis/data/uncertainty_configs/official/ee/unc-mssm-8TeV-06.vals
A    DesyHTauTau/TauTauAnalysis/data/uncertainty_configs/official/mm
A    DesyHTauTau/TauTauAnalysis/data/uncertainty_configs/official/mm/cgs-sm-7TeV-02.conf
A    DesyHTauTau/TauTauAnalysis/data/uncertainty_configs/official/mm/cgs-mssm-7TeV-02.conf
A    DesyHTauTau/TauTauAnalysis/data/uncertainty_configs/official/mm/unc-mssm-7TeV-09.vals
A    DesyHTauTau/TauTauAnalysis/data/uncertainty_configs/official/mm/cgs-sm-8TeV-03.conf
A    DesyHTauTau/TauTauAnalysis/data/uncertainty_configs/official/mm/cgs-mssm-8TeV-03.conf
A    DesyHTauTau/TauTauAnalysis/data/uncertainty_configs/official/mm/cgs-mssm-7TeV-06.conf
A    DesyHTauTau/TauTauAnalysis/data/uncertainty_configs/official/mm/cgs-mssm-8TeV-07.conf
A    DesyHTauTau/TauTauAnalysis/data/uncertainty_configs/official/mm/unc-sm-8TeV-00.conf
A    DesyHTauTau/TauTauAnalysis/data/uncertainty_configs/official/mm/unc-mssm-7TeV-01.conf
A    DesyHTauTau/TauTauAnalysis/data/uncertainty_configs/official/mm/unc-sm-7TeV-03.conf
A    DesyHTauTau/TauTauAnalysis/data/uncertainty_configs/official/mm/unc-mssm-8TeV-02.conf
A    DesyHTauTau/TauTauAnalysis/data/uncertainty_configs/official/mm/unc-sm-8TeV-04.conf
A    DesyHTauTau/TauTauAnalysis/data/uncertainty_configs/official/mm/unc-mssm-8TeV-06.conf
A    DesyHTauTau/TauTauAnalysis/data/uncertainty_configs/official/mm/unc-mssm-7TeV-09.conf
A    DesyHTauTau/TauTauAnalysis/data/uncertainty_configs/official/mm/unc-sm-7TeV-00.vals
A    DesyHTauTau/TauTauAnalysis/data/uncertainty_configs/official/mm/unc-mssm-7TeV-02.vals
A    DesyHTauTau/TauTauAnalysis/data/uncertainty_configs/official/mm/unc-sm-8TeV-01.vals
A    DesyHTauTau/TauTauAnalysis/data/uncertainty_configs/official/mm/unc-mssm-8TeV-03.vals
A    DesyHTauTau/TauTauAnalysis/data/uncertainty_configs/official/mm/unc-sm-7TeV-04.vals
A    DesyHTauTau/TauTauAnalysis/data/uncertainty_configs/official/mm/unc-mssm-7TeV-06.vals
A    DesyHTauTau/TauTauAnalysis/data/uncertainty_configs/official/mm/unc-mssm-8TeV-07.vals
A    DesyHTauTau/TauTauAnalysis/data/uncertainty_configs/official/mm/cgs-mssm-8TeV-00.conf
A    DesyHTauTau/TauTauAnalysis/data/uncertainty_configs/official/mm/cgs-sm-8TeV-00.conf
A    DesyHTauTau/TauTauAnalysis/data/uncertainty_configs/official/mm/cgs-mssm-7TeV-03.conf
A    DesyHTauTau/TauTauAnalysis/data/uncertainty_configs/official/mm/cgs-sm-7TeV-03.conf
A    DesyHTauTau/TauTauAnalysis/data/uncertainty_configs/official/mm/cgs-sm-8TeV-04.conf
A    DesyHTauTau/TauTauAnalysis/data/uncertainty_configs/official/mm/cgs-mssm-7TeV-07.conf
A    DesyHTauTau/TauTauAnalysis/data/uncertainty_configs/official/mm/unc-sm-7TeV-00.conf
A    DesyHTauTau/TauTauAnalysis/data/uncertainty_configs/official/mm/cgs-mssm-8TeV-08.conf
A    DesyHTauTau/TauTauAnalysis/data/uncertainty_configs/official/mm/unc-mssm-7TeV-02.conf
A    DesyHTauTau/TauTauAnalysis/data/uncertainty_configs/official/mm/unc-sm-8TeV-01.conf
A    DesyHTauTau/TauTauAnalysis/data/uncertainty_configs/official/mm/unc-sm-7TeV-04.conf
A    DesyHTauTau/TauTauAnalysis/data/uncertainty_configs/official/mm/unc-mssm-8TeV-03.conf
A    DesyHTauTau/TauTauAnalysis/data/uncertainty_configs/official/mm/unc-mssm-7TeV-06.conf
A    DesyHTauTau/TauTauAnalysis/data/uncertainty_configs/official/mm/unc-mssm-8TeV-07.conf
A    DesyHTauTau/TauTauAnalysis/data/uncertainty_configs/official/mm/unc-mssm-8TeV-00.vals
A    DesyHTauTau/TauTauAnalysis/data/uncertainty_configs/official/mm/unc-sm-7TeV-01.vals
A    DesyHTauTau/TauTauAnalysis/data/uncertainty_configs/official/mm/unc-sm-8TeV-02.vals
A    DesyHTauTau/TauTauAnalysis/data/uncertainty_configs/official/mm/unc-mssm-7TeV-03.vals
A    DesyHTauTau/TauTauAnalysis/data/uncertainty_configs/official/mm/cgs-sm-7TeV-00.conf
A    DesyHTauTau/TauTauAnalysis/data/uncertainty_configs/official/mm/cgs-mssm-7TeV-00.conf
A    DesyHTauTau/TauTauAnalysis/data/uncertainty_configs/official/mm/unc-mssm-7TeV-07.vals
A    DesyHTauTau/TauTauAnalysis/data/uncertainty_configs/official/mm/cgs-sm-8TeV-01.conf
A    DesyHTauTau/TauTauAnalysis/data/uncertainty_configs/official/mm/cgs-mssm-8TeV-01.conf
A    DesyHTauTau/TauTauAnalysis/data/uncertainty_configs/official/mm/unc-mssm-8TeV-08.vals
A    DesyHTauTau/TauTauAnalysis/data/uncertainty_configs/official/mm/cgs-sm-7TeV-04.conf
A    DesyHTauTau/TauTauAnalysis/data/uncertainty_configs/official/mm/cgs-mssm-7TeV-08.conf
A    DesyHTauTau/TauTauAnalysis/data/uncertainty_configs/official/mm/cgs-mssm-8TeV-09.conf
A    DesyHTauTau/TauTauAnalysis/data/uncertainty_configs/official/mm/unc-mssm-8TeV-00.conf
A    DesyHTauTau/TauTauAnalysis/data/uncertainty_configs/official/mm/unc-sm-7TeV-01.conf
A    DesyHTauTau/TauTauAnalysis/data/uncertainty_configs/official/mm/unc-sm-8TeV-02.conf
A    DesyHTauTau/TauTauAnalysis/data/uncertainty_configs/official/mm/unc-mssm-7TeV-03.conf
A    DesyHTauTau/TauTauAnalysis/data/uncertainty_configs/official/mm/unc-mssm-7TeV-07.conf
A    DesyHTauTau/TauTauAnalysis/data/uncertainty_configs/official/mm/unc-mssm-8TeV-08.conf
A    DesyHTauTau/TauTauAnalysis/data/uncertainty_configs/official/mm/unc-mssm-7TeV-00.vals
A    DesyHTauTau/TauTauAnalysis/data/uncertainty_configs/official/mm/unc-mssm-8TeV-01.vals
A    DesyHTauTau/TauTauAnalysis/data/uncertainty_configs/official/mm/unc-sm-7TeV-02.vals
A    DesyHTauTau/TauTauAnalysis/data/uncertainty_configs/official/mm/unc-sm-8TeV-03.vals
A    DesyHTauTau/TauTauAnalysis/data/uncertainty_configs/official/mm/cgs-sm-7TeV-01.conf
A    DesyHTauTau/TauTauAnalysis/data/uncertainty_configs/official/mm/cgs-mssm-7TeV-01.conf
A    DesyHTauTau/TauTauAnalysis/data/uncertainty_configs/official/mm/unc-mssm-7TeV-08.vals
A    DesyHTauTau/TauTauAnalysis/data/uncertainty_configs/official/mm/cgs-sm-8TeV-02.conf
A    DesyHTauTau/TauTauAnalysis/data/uncertainty_configs/official/mm/cgs-mssm-8TeV-02.conf
A    DesyHTauTau/TauTauAnalysis/data/uncertainty_configs/official/mm/unc-mssm-8TeV-09.vals
A    DesyHTauTau/TauTauAnalysis/data/uncertainty_configs/official/mm/cgs-mssm-8TeV-06.conf
A    DesyHTauTau/TauTauAnalysis/data/uncertainty_configs/official/mm/cgs-mssm-7TeV-09.conf
A    DesyHTauTau/TauTauAnalysis/data/uncertainty_configs/official/mm/unc-mssm-7TeV-00.conf
A    DesyHTauTau/TauTauAnalysis/data/uncertainty_configs/official/mm/unc-sm-7TeV-02.conf
A    DesyHTauTau/TauTauAnalysis/data/uncertainty_configs/official/mm/unc-mssm-8TeV-01.conf
A    DesyHTauTau/TauTauAnalysis/data/uncertainty_configs/official/mm/unc-sm-8TeV-03.conf
A    DesyHTauTau/TauTauAnalysis/data/uncertainty_configs/official/mm/unc-mssm-7TeV-08.conf
A    DesyHTauTau/TauTauAnalysis/data/uncertainty_configs/official/mm/unc-mssm-8TeV-09.conf
A    DesyHTauTau/TauTauAnalysis/data/uncertainty_configs/official/mm/unc-mssm-7TeV-01.vals
A    DesyHTauTau/TauTauAnalysis/data/uncertainty_configs/official/mm/unc-sm-8TeV-00.vals
A    DesyHTauTau/TauTauAnalysis/data/uncertainty_configs/official/mm/unc-mssm-8TeV-02.vals
A    DesyHTauTau/TauTauAnalysis/data/uncertainty_configs/official/mm/unc-sm-7TeV-03.vals
A    DesyHTauTau/TauTauAnalysis/data/uncertainty_configs/official/mm/unc-sm-8TeV-04.vals
A    DesyHTauTau/TauTauAnalysis/data/uncertainty_configs/official/mm/unc-mssm-8TeV-06.vals
A    DesyHTauTau/TauTauAnalysis/data/uncertainty_configs/official_53x_noShapeUnc
A    DesyHTauTau/TauTauAnalysis/data/uncertainty_configs/official_53x_noShapeUnc/ee
A    DesyHTauTau/TauTauAnalysis/data/uncertainty_configs/official_53x_noShapeUnc/mm
A    DesyHTauTau/TauTauAnalysis/BuildFile.xml
A    DesyHTauTau/MC.Event.content
A    DesyHTauTau/EventCount
A    DesyHTauTau/EventCount/test
A    DesyHTauTau/EventCount/eventcount_cfg.py
A    DesyHTauTau/EventCount/interface
A    DesyHTauTau/EventCount/python
A    DesyHTauTau/EventCount/python/eventcount_cfi.py
A    DesyHTauTau/EventCount/python/__init__.py
A    DesyHTauTau/EventCount/doc
A    DesyHTauTau/EventCount/src
A    DesyHTauTau/EventCount/src/EventCount.cc
A    DesyHTauTau/EventCount/BuildFile.xml
A    DesyHTauTau/HTauTau2ElecAnalysis
A    DesyHTauTau/HTauTau2ElecAnalysis/test
A    DesyHTauTau/HTauTau2ElecAnalysis/test/HTauTau2ElecPFlow_data_7TeV_42X_cfg.py
A    DesyHTauTau/HTauTau2ElecAnalysis/test/nickProducer.py
A    DesyHTauTau/HTauTau2ElecAnalysis/test/HTauTau2ElecPFlow_mc_7TeV_42X_cfg.py
A    DesyHTauTau/HTauTau2ElecAnalysis/test/HTauTau2ElecPFlow_mc_7TeV_52X_cfg.py
A    DesyHTauTau/HTauTau2ElecAnalysis/test/gc_2012-03-30_mz_skim.conf
A    DesyHTauTau/HTauTau2ElecAnalysis/macro
A    DesyHTauTau/HTauTau2ElecAnalysis/macro/FitMetResolutions.C
A    DesyHTauTau/HTauTau2ElecAnalysis/macro/PlotsForApprovalNewNJets50.C
A    DesyHTauTau/HTauTau2ElecAnalysis/macro/2011
A    DesyHTauTau/HTauTau2ElecAnalysis/macro/2011/CreateInputsSeq.C
A    DesyHTauTau/HTauTau2ElecAnalysis/macro/2011/CreateInputs.C
A    DesyHTauTau/HTauTau2ElecAnalysis/macro/2011/HtoH.h
A    DesyHTauTau/HTauTau2ElecAnalysis/macro/PlotNPV.C
A    DesyHTauTau/HTauTau2ElecAnalysis/macro/2012
A    DesyHTauTau/HTauTau2ElecAnalysis/macro/2012/CreateInputsSeq.C
A    DesyHTauTau/HTauTau2ElecAnalysis/macro/2012/CreateInputs.C
A    DesyHTauTau/HTauTau2ElecAnalysis/macro/2012/HtoH.h
A    DesyHTauTau/HTauTau2ElecAnalysis/macro/PlotMoriond13.C
A    DesyHTauTau/HTauTau2ElecAnalysis/macro/tdrstyle.C
A    DesyHTauTau/HTauTau2ElecAnalysis/macro/PlotsForApproval.C
A    DesyHTauTau/HTauTau2ElecAnalysis/macro/PlotSM.C
A    DesyHTauTau/HTauTau2ElecAnalysis/macro/FitDCATemplateSequence.C
A    DesyHTauTau/HTauTau2ElecAnalysis/macro/HttStylesNew.cc
A    DesyHTauTau/HTauTau2ElecAnalysis/macro/PlotSM2012.C
A    DesyHTauTau/HTauTau2ElecAnalysis/macro/SelTrigEffScaleFactors.C
A    DesyHTauTau/HTauTau2ElecAnalysis/macro/ChargeConfStudy.C
A    DesyHTauTau/HTauTau2ElecAnalysis/macro/DcaSig.C
A    DesyHTauTau/HTauTau2ElecAnalysis/macro/PlotCalibr.C
A    DesyHTauTau/HTauTau2ElecAnalysis/python
A    DesyHTauTau/HTauTau2ElecAnalysis/python/filesPerSample.py
A    DesyHTauTau/HTauTau2ElecAnalysis/python/customizePAT_428.py
A    DesyHTauTau/HTauTau2ElecAnalysis/python/customizePAT_52X.py
A    DesyHTauTau/HTauTau2ElecAnalysis/python/HTauTauDiElecAnalysis_cfi.py
A    DesyHTauTau/HTauTau2ElecAnalysis/python/customizePAT.py
A    DesyHTauTau/HTauTau2ElecAnalysis/RooT
A    DesyHTauTau/HTauTau2ElecAnalysis/RooT/HTauTauAnalysisMacroSummer2013_shiftDYDown.cfg
A    DesyHTauTau/HTauTau2ElecAnalysis/RooT/HTauTauAnalysisMacro2012normToOneMetUp.cfg
A    DesyHTauTau/HTauTau2ElecAnalysis/RooT/HTauTauAnalysisMacroAlexei.cfg
A    DesyHTauTau/HTauTau2ElecAnalysis/RooT/HTauTauAnalysisMacro2012normToOneEscaleUp.cfg
A    DesyHTauTau/HTauTau2ElecAnalysis/RooT/HTauTauAnalysisMacroSummer2013_shiftESUp.cfg
A    DesyHTauTau/HTauTau2ElecAnalysis/RooT/HTauTauAnalysisMacroSummer2013_shiftDYUp.cfg
A    DesyHTauTau/HTauTau2ElecAnalysis/RooT/HTauTauAnalysisMacroMoriond2013.cfg
A    DesyHTauTau/HTauTau2ElecAnalysis/RooT/HTauTauAnalysisMacroSummer2013.cfg
A    DesyHTauTau/HTauTau2ElecAnalysis/RooT/HTauTauAnalysisMacro.cfg
A    DesyHTauTau/HTauTau2ElecAnalysis/RooT/HTauTauAnalysisMacro2012normToOneJesDown.cfg
A    DesyHTauTau/HTauTau2ElecAnalysis/RooT/HTauTauAnalysisMacro2011.cfg
A    DesyHTauTau/HTauTau2ElecAnalysis/RooT/HTauTauAnalysisMacro2011test.cfg
A    DesyHTauTau/HTauTau2ElecAnalysis/RooT/HTauTauAnalysisMacro2012normToOneMetDown.cfg
A    DesyHTauTau/HTauTau2ElecAnalysis/RooT/HTauTauAnalysisMacro2012test.cfg
A    DesyHTauTau/HTauTau2ElecAnalysis/RooT/HTauTauAnalysisMacro2011normToOne.cfg
A    DesyHTauTau/HTauTau2ElecAnalysis/RooT/HTauTauAnalysisMacro2012.cfg
A    DesyHTauTau/HTauTau2ElecAnalysis/RooT/HTauTauAnalysisMacro2012normToOne.cfg
A    DesyHTauTau/HTauTau2ElecAnalysis/RooT/HTauTauAnalysisMacro2012_BTagUp.cfg
A    DesyHTauTau/HTauTau2ElecAnalysis/RooT/HTauTauAnalysisMacro2012normToOne_BTagUp.cfg
A    DesyHTauTau/HTauTau2ElecAnalysis/RooT/HTauTauAnalysisMacro2012normToOneEscaleDown.cfg
A    DesyHTauTau/HTauTau2ElecAnalysis/RooT/HTauTauAnalysisMacroSummer2013_shiftESDown.cfg
A    DesyHTauTau/HTauTau2ElecAnalysis/RooT/HTauTauAnalysisMacro2012normToOneJesUp.cfg
A    DesyHTauTau/HTauTau2ElecAnalysis/RooT/HTauTauAnalysisMacro2012_MisTagUp.cfg
A    DesyHTauTau/HTauTau2ElecAnalysis/RooT/HTauTauAnalysisMacro2012normToOne_MisTagUp.cfg
A    DesyHTauTau/HTauTau2ElecAnalysis/src
A    DesyHTauTau/HTauTau2ElecAnalysis/src/HTauTau2ElecAnalysis.cc
A    DesyHTauTau/HTauTau2ElecAnalysis/src/HTauTau2ElecAnalysis53X.cc
A    DesyHTauTau/HTauTau2ElecAnalysis/bin
A    DesyHTauTau/HTauTau2ElecAnalysis/bin/HTauTau2ElecAnalysis2011.cpp
A    DesyHTauTau/HTauTau2ElecAnalysis/bin/HTauTau2ElecAnalysis2011test.cpp
A    DesyHTauTau/HTauTau2ElecAnalysis/bin/HTauTau2ElecAnalysis2012.cpp
A    DesyHTauTau/HTauTau2ElecAnalysis/bin/HTauTau2ElecAnalysisStarter.cpp
A    DesyHTauTau/HTauTau2ElecAnalysis/bin/fillSVFitMassInt.cpp
A    DesyHTauTau/HTauTau2ElecAnalysis/bin/allFilesMacroProcessing_DYCor.sh
A    DesyHTauTau/HTauTau2ElecAnalysis/bin/allFilesMacroProcessing_SignalCor.sh
A    DesyHTauTau/HTauTau2ElecAnalysis/bin/allFilesMacroProcessing_TTWCor.sh
A    DesyHTauTau/HTauTau2ElecAnalysis/bin/produceTxtFiles_Qsub.sh
A    DesyHTauTau/HTauTau2ElecAnalysis/bin/mergeMacroUotPutFilesQSUB.sh
A    DesyHTauTau/HTauTau2ElecAnalysis/bin/ElecMVAIDCut.h
A    DesyHTauTau/HTauTau2ElecAnalysis/bin/TrainBDTHiggsVBFCat2012Jak.C
A    DesyHTauTau/HTauTau2ElecAnalysis/bin/allFilesMacroProcessing_Data_EmbCorNewRegr.sh
A    DesyHTauTau/HTauTau2ElecAnalysis/bin/BuildFile.xml
A    DesyHTauTau/HTauTau2ElecAnalysis/bin/splitFiles.cpp
A    DesyHTauTau/HTauTau2ElecAnalysis/bin/allFilesMacroProcessing_Data_EmbCor.sh
A    DesyHTauTau/HTauTau2ElecAnalysis/bin/HTauTau2ElecAnalysisAlexei.cpp
A    DesyHTauTau/HTauTau2ElecAnalysis/bin/DCACorrection.h
A    DesyHTauTau/HTauTau2ElecAnalysis/bin/allFilesMacroProcessing_TTWDiBosCor.sh
A    DesyHTauTau/HTauTau2ElecAnalysis/bin/allFilesMacroProcessing_DiBosCor.sh
A    DesyHTauTau/HTauTau2ElecAnalysis/bin/HTauTau2ElecAnalysisMoriond2013.cpp
A    DesyHTauTau/HTauTau2ElecAnalysis/bin/HTauTau2ElecAnalysisSummer2013.cpp
A    DesyHTauTau/HTauTau2ElecAnalysis/bin/checkSVFit.cpp
A    DesyHTauTau/HTauTau2ElecAnalysis/bin/TagAndProbeHistFill.h
A    DesyHTauTau/HTauTau2ElecAnalysis/bin/dca_histfill.h
A    DesyHTauTau/HTauTau2ElecAnalysis/bin/produceTxtFiles.py
A    DesyHTauTau/HTauTau2ElecAnalysis/bin/allFilesMacroProcessing_DYCorNewRegr.sh
A    DesyHTauTau/HTauTau2ElecAnalysis/BuildFile.xml
A    DesyHTauTau/RunRange.Run2010A-Sep17ReReco_v2
A    DesyHTauTau/GenericTools
A    DesyHTauTau/GenericTools/test
A    DesyHTauTau/GenericTools/test/testTH1ComparisonWithRatioPlot.cpp
A    DesyHTauTau/GenericTools/test/runPrintTriggerFilters.py
A    DesyHTauTau/GenericTools/test/testTH1Comparison.cpp
A    DesyHTauTau/GenericTools/test/Makefile
A    DesyHTauTau/GenericTools/test/runPrintTriggerFiltersWithSavedObjects.py
A    DesyHTauTau/GenericTools/interface
A    DesyHTauTau/GenericTools/interface/PrintTriggerFilters.h
A    DesyHTauTau/GenericTools/interface/PrintService.h
A    DesyHTauTau/GenericTools/interface/TH1ComparisonWithRatioPlot.h
A    DesyHTauTau/GenericTools/interface/PrintTriggerFiltersWithSavedObjects.h
A    DesyHTauTau/GenericTools/interface/THStackWrapper.h
A    DesyHTauTau/GenericTools/interface/PrintServiceAdvanced.h
A    DesyHTauTau/GenericTools/interface/StringTools.h
A    DesyHTauTau/GenericTools/interface/TH1Comparison.h
A    DesyHTauTau/GenericTools/python
A    DesyHTauTau/GenericTools/python/PrintTriggerFilters_cfi.py
A    DesyHTauTau/GenericTools/python/__init__.py
A    DesyHTauTau/GenericTools/python/PrintTriggerFiltersWithSavedObjects_cfi.py
A    DesyHTauTau/GenericTools/python/root-cp.py
A    DesyHTauTau/GenericTools/src
A    DesyHTauTau/GenericTools/src/PrintService.cc
A    DesyHTauTau/GenericTools/src/LinkDef.h
A    DesyHTauTau/GenericTools/src/TH1ComparisonWithRatioPlot.cc
A    DesyHTauTau/GenericTools/src/PrintTriggerFiltersWithSavedObjects.cc
A    DesyHTauTau/GenericTools/src/THStackWrapper.cc
A    DesyHTauTau/GenericTools/src/PrintServiceAdvanced.cc
A    DesyHTauTau/GenericTools/src/TH1Comparison.cc
A    DesyHTauTau/GenericTools/src/PrintTriggerFilters.cc
A    DesyHTauTau/GenericTools/BuildFile.xml
 U   DesyHTauTau
Checked out revision 4495.
[desy-cms013] /data/user/psaxena/CMSSW_5_3_9/src $ l
zsh: command not found: l
[desy-cms013] /data/user/psaxena/CMSSW_5_3_9/src $ ls
DesyHTauTau
[desy-cms013] /data/user/psaxena/CMSSW_5_3_9/src $ 

